<?xml version="1.0" encoding="UTF-8"?>
<testng-results ignored="1" total="3" passed="2" failed="0" skipped="0">
  <reporter-output>
  </reporter-output>
  <suite started-at="2022-12-12T20:20:57 IST" name="Default suite" finished-at="2022-12-12T20:20:57 IST" duration-ms="40">
    <groups>
    </groups>
    <test started-at="2022-12-12T20:20:57 IST" name="Default test" finished-at="2022-12-12T20:20:57 IST" duration-ms="40">
      <class name="javaTestNG.TestNG1">
        <test-method is-config="true" signature="d()[pri:0, instance:javaTestNG.TestNG1@7e5afaa6]" started-at="2022-12-12T20:20:57 IST" name="d" finished-at="2022-12-12T20:20:57 IST" duration-ms="7" status="PASS">
          <reporter-output>
          </reporter-output>
        </test-method> <!-- d -->
        <test-method is-config="true" signature="b()[pri:0, instance:javaTestNG.TestNG1@7e5afaa6]" started-at="2022-12-12T20:20:57 IST" name="b" finished-at="2022-12-12T20:20:57 IST" duration-ms="1" status="PASS">
          <reporter-output>
          </reporter-output>
        </test-method> <!-- b -->
        <test-method is-config="true" signature="b1()[pri:0, instance:javaTestNG.TestNG1@7e5afaa6]" started-at="2022-12-12T20:20:57 IST" name="b1" finished-at="2022-12-12T20:20:57 IST" duration-ms="0" status="PASS">
          <reporter-output>
          </reporter-output>
        </test-method> <!-- b1 -->
        <test-method signature="a2()[pri:2, instance:javaTestNG.TestNG1@7e5afaa6]" started-at="2022-12-12T20:20:57 IST" name="a2" finished-at="2022-12-12T20:20:57 IST" duration-ms="4" status="PASS">
          <reporter-output>
          </reporter-output>
        </test-method> <!-- a2 -->
        <test-method is-config="true" signature="c()[pri:0, instance:javaTestNG.TestNG1@7e5afaa6]" started-at="2022-12-12T20:20:57 IST" name="c" finished-at="2022-12-12T20:20:57 IST" duration-ms="0" status="PASS">
          <reporter-output>
          </reporter-output>
        </test-method> <!-- c -->
        <test-method is-config="true" signature="f()[pri:0, instance:javaTestNG.TestNG1@7e5afaa6]" started-at="2022-12-12T20:20:57 IST" name="f" finished-at="2022-12-12T20:20:57 IST" duration-ms="0" status="PASS">
          <reporter-output>
          </reporter-output>
        </test-method> <!-- f -->
        <test-method is-config="true" signature="c()[pri:0, instance:javaTestNG.TestNG1@7e5afaa6]" started-at="2022-12-12T20:20:57 IST" name="c" finished-at="2022-12-12T20:20:57 IST" duration-ms="0" status="PASS">
          <reporter-output>
          </reporter-output>
        </test-method> <!-- c -->
        <test-method signature="a2()[pri:2, instance:javaTestNG.TestNG1@7e5afaa6]" started-at="2022-12-12T20:20:57 IST" name="a2" finished-at="2022-12-12T20:20:57 IST" duration-ms="1" status="PASS">
          <reporter-output>
          </reporter-output>
        </test-method> <!-- a2 -->
        <test-method is-config="true" signature="f()[pri:0, instance:javaTestNG.TestNG1@7e5afaa6]" started-at="2022-12-12T20:20:57 IST" name="f" finished-at="2022-12-12T20:20:57 IST" duration-ms="1" status="PASS">
          <reporter-output>
          </reporter-output>
        </test-method> <!-- f -->
        <test-method is-config="true" signature="c1()[pri:0, instance:javaTestNG.TestNG1@7e5afaa6]" started-at="2022-12-12T20:20:57 IST" name="c1" finished-at="2022-12-12T20:20:57 IST" duration-ms="0" status="PASS">
          <reporter-output>
          </reporter-output>
        </test-method> <!-- c1 -->
        <test-method is-config="true" signature="e()[pri:0, instance:javaTestNG.TestNG1@7e5afaa6]" started-at="2022-12-12T20:20:57 IST" name="e" finished-at="2022-12-12T20:20:57 IST" duration-ms="1" status="PASS">
          <reporter-output>
          </reporter-output>
        </test-method> <!-- e -->
      </class> <!-- javaTestNG.TestNG1 -->
    </test> <!-- Default test -->
  </suite> <!-- Default suite -->
</testng-results>
