<?xml version="1.0" encoding="UTF-8"?>
<!-- Generated by org.testng.reporters.JUnitXMLReporter -->
<testsuite ignored="1" hostname="PREETIKHARE" failures="0" tests="2" name="Default test" time="0.04" errors="0" timestamp="2022-12-12T20:20:57 IST">
  <testcase classname="javaTestNG.TestNG1" name="a2" time="0.004"/>
  <testcase classname="javaTestNG.TestNG1" name="a2" time="0.001"/>
  <testcase classname="javaTestNG.TestNG1" name="a1" time="0.0">
    <ignored/>
  </testcase> <!-- a1 -->
</testsuite> <!-- Default test -->
